29-Mar-2020 22:34:27.589 INFO [main] org.apache.catalina.startup.VersionLoggerListener.log Server version name:   Apache Tomcat/9.0.33
29-Mar-2020 22:34:27.599 INFO [main] org.apache.catalina.startup.VersionLoggerListener.log Server built:          Mar 11 2020 09:31:38 UTC
29-Mar-2020 22:34:27.599 INFO [main] org.apache.catalina.startup.VersionLoggerListener.log Server version number: 9.0.33.0
29-Mar-2020 22:34:27.599 INFO [main] org.apache.catalina.startup.VersionLoggerListener.log OS Name:               Mac OS X
29-Mar-2020 22:34:27.599 INFO [main] org.apache.catalina.startup.VersionLoggerListener.log OS Version:            10.13.6
29-Mar-2020 22:34:27.599 INFO [main] org.apache.catalina.startup.VersionLoggerListener.log Architecture:          x86_64
29-Mar-2020 22:34:27.600 INFO [main] org.apache.catalina.startup.VersionLoggerListener.log Java Home:             /Library/Java/JavaVirtualMachines/jdk1.8.0_241.jdk/Contents/Home/jre
29-Mar-2020 22:34:27.600 INFO [main] org.apache.catalina.startup.VersionLoggerListener.log JVM Version:           1.8.0_241-b07
29-Mar-2020 22:34:27.600 INFO [main] org.apache.catalina.startup.VersionLoggerListener.log JVM Vendor:            Oracle Corporation
29-Mar-2020 22:34:27.600 INFO [main] org.apache.catalina.startup.VersionLoggerListener.log CATALINA_BASE:         /Users/macbook/Desktop/Codegym/C1219H1_Nguyen_Thi_Dieu_My/apache-tomcat-9.0.33
29-Mar-2020 22:34:27.600 INFO [main] org.apache.catalina.startup.VersionLoggerListener.log CATALINA_HOME:         /Users/macbook/Desktop/Codegym/C1219H1_Nguyen_Thi_Dieu_My/apache-tomcat-9.0.33
29-Mar-2020 22:34:27.614 INFO [main] org.apache.catalina.startup.VersionLoggerListener.log Command line argument: -Djava.util.logging.config.file=/Users/macbook/Desktop/Codegym/C1219H1_Nguyen_Thi_Dieu_My/apache-tomcat-9.0.33/conf/logging.properties
29-Mar-2020 22:34:27.614 INFO [main] org.apache.catalina.startup.VersionLoggerListener.log Command line argument: -Djava.util.logging.manager=org.apache.juli.ClassLoaderLogManager
29-Mar-2020 22:34:27.614 INFO [main] org.apache.catalina.startup.VersionLoggerListener.log Command line argument: -Djdk.tls.ephemeralDHKeySize=2048
29-Mar-2020 22:34:27.615 INFO [main] org.apache.catalina.startup.VersionLoggerListener.log Command line argument: -Djava.protocol.handler.pkgs=org.apache.catalina.webresources
29-Mar-2020 22:34:27.615 INFO [main] org.apache.catalina.startup.VersionLoggerListener.log Command line argument: -Dorg.apache.catalina.security.SecurityListener.UMASK=0027
29-Mar-2020 22:34:27.615 INFO [main] org.apache.catalina.startup.VersionLoggerListener.log Command line argument: -Dignore.endorsed.dirs=
29-Mar-2020 22:34:27.615 INFO [main] org.apache.catalina.startup.VersionLoggerListener.log Command line argument: -Dcatalina.base=/Users/macbook/Desktop/Codegym/C1219H1_Nguyen_Thi_Dieu_My/apache-tomcat-9.0.33
29-Mar-2020 22:34:27.615 INFO [main] org.apache.catalina.startup.VersionLoggerListener.log Command line argument: -Dcatalina.home=/Users/macbook/Desktop/Codegym/C1219H1_Nguyen_Thi_Dieu_My/apache-tomcat-9.0.33
29-Mar-2020 22:34:27.615 INFO [main] org.apache.catalina.startup.VersionLoggerListener.log Command line argument: -Djava.io.tmpdir=/Users/macbook/Desktop/Codegym/C1219H1_Nguyen_Thi_Dieu_My/apache-tomcat-9.0.33/temp
29-Mar-2020 22:34:27.615 INFO [main] org.apache.catalina.core.AprLifecycleListener.lifecycleEvent The APR based Apache Tomcat Native library which allows optimal performance in production environments was not found on the java.library.path: [/Users/macbook/Library/Java/Extensions:/Library/Java/Extensions:/Network/Library/Java/Extensions:/System/Library/Java/Extensions:/usr/lib/java:.]
29-Mar-2020 22:34:28.375 INFO [main] org.apache.coyote.AbstractProtocol.init Initializing ProtocolHandler ["http-nio-8080"]
29-Mar-2020 22:34:28.445 INFO [main] org.apache.catalina.startup.Catalina.load Server initialization in [1,238] milliseconds
29-Mar-2020 22:34:28.510 INFO [main] org.apache.catalina.core.StandardService.startInternal Starting service [Catalina]
29-Mar-2020 22:34:28.511 INFO [main] org.apache.catalina.core.StandardEngine.startInternal Starting Servlet engine: [Apache Tomcat/9.0.33]
29-Mar-2020 22:34:28.550 INFO [main] org.apache.catalina.startup.HostConfig.deployDirectory Deploying web application directory [/Users/macbook/Desktop/Codegym/C1219H1_Nguyen_Thi_Dieu_My/apache-tomcat-9.0.33/webapps/docs]
29-Mar-2020 22:34:28.964 INFO [main] org.apache.catalina.startup.HostConfig.deployDirectory Deployment of web application directory [/Users/macbook/Desktop/Codegym/C1219H1_Nguyen_Thi_Dieu_My/apache-tomcat-9.0.33/webapps/docs] has finished in [415] ms
29-Mar-2020 22:34:28.965 INFO [main] org.apache.catalina.startup.HostConfig.deployDirectory Deploying web application directory [/Users/macbook/Desktop/Codegym/C1219H1_Nguyen_Thi_Dieu_My/apache-tomcat-9.0.33/webapps/manager]
29-Mar-2020 22:34:29.027 INFO [main] org.apache.catalina.startup.HostConfig.deployDirectory Deployment of web application directory [/Users/macbook/Desktop/Codegym/C1219H1_Nguyen_Thi_Dieu_My/apache-tomcat-9.0.33/webapps/manager] has finished in [63] ms
29-Mar-2020 22:34:29.027 INFO [main] org.apache.catalina.startup.HostConfig.deployDirectory Deploying web application directory [/Users/macbook/Desktop/Codegym/C1219H1_Nguyen_Thi_Dieu_My/apache-tomcat-9.0.33/webapps/examples]
29-Mar-2020 22:34:29.744 INFO [main] org.apache.catalina.startup.HostConfig.deployDirectory Deployment of web application directory [/Users/macbook/Desktop/Codegym/C1219H1_Nguyen_Thi_Dieu_My/apache-tomcat-9.0.33/webapps/examples] has finished in [716] ms
29-Mar-2020 22:34:29.744 INFO [main] org.apache.catalina.startup.HostConfig.deployDirectory Deploying web application directory [/Users/macbook/Desktop/Codegym/C1219H1_Nguyen_Thi_Dieu_My/apache-tomcat-9.0.33/webapps/ROOT]
29-Mar-2020 22:34:29.774 INFO [main] org.apache.catalina.startup.HostConfig.deployDirectory Deployment of web application directory [/Users/macbook/Desktop/Codegym/C1219H1_Nguyen_Thi_Dieu_My/apache-tomcat-9.0.33/webapps/ROOT] has finished in [30] ms
29-Mar-2020 22:34:29.774 INFO [main] org.apache.catalina.startup.HostConfig.deployDirectory Deploying web application directory [/Users/macbook/Desktop/Codegym/C1219H1_Nguyen_Thi_Dieu_My/apache-tomcat-9.0.33/webapps/host-manager]
29-Mar-2020 22:34:29.813 INFO [main] org.apache.catalina.startup.HostConfig.deployDirectory Deployment of web application directory [/Users/macbook/Desktop/Codegym/C1219H1_Nguyen_Thi_Dieu_My/apache-tomcat-9.0.33/webapps/host-manager] has finished in [38] ms
29-Mar-2020 22:34:29.823 INFO [main] org.apache.coyote.AbstractProtocol.start Starting ProtocolHandler ["http-nio-8080"]
29-Mar-2020 22:34:29.842 INFO [main] org.apache.catalina.startup.Catalina.start Server startup in [1,396] milliseconds
29-Mar-2020 22:34:58.428 WARNING [main] org.apache.catalina.core.StandardServer.await Invalid shutdown command [] received
29-Mar-2020 22:35:56.660 WARNING [main] org.apache.catalina.core.StandardServer.await Invalid shutdown command [] received
29-Mar-2020 22:37:27.220 WARNING [main] org.apache.catalina.core.StandardServer.await Invalid shutdown command [] received
29-Mar-2020 22:40:10.089 WARNING [main] org.apache.catalina.core.StandardServer.await Invalid shutdown command [] received
29-Mar-2020 22:45:09.853 INFO [main] org.apache.catalina.core.StandardServer.await A valid shutdown command was received via the shutdown port. Stopping the Server instance.
29-Mar-2020 22:45:09.854 INFO [main] org.apache.coyote.AbstractProtocol.pause Pausing ProtocolHandler ["http-nio-8080"]
29-Mar-2020 22:45:09.867 INFO [main] org.apache.catalina.core.StandardService.stopInternal Stopping service [Catalina]
29-Mar-2020 22:45:09.900 INFO [main] org.apache.coyote.AbstractProtocol.stop Stopping ProtocolHandler ["http-nio-8080"]
29-Mar-2020 22:45:09.905 INFO [main] org.apache.coyote.AbstractProtocol.destroy Destroying ProtocolHandler ["http-nio-8080"]
